<?xml version="1.0" encoding="UTF-8"?>
<!-- Generated by org.testng.reporters.JUnitReportReporter -->
<testsuite hostname="LAPTOP-QJFTBOFL" failures="0" tests="3" name="TestCases.HomePageTest" time="121.505" errors="0" timestamp="2025-04-13T12:03:16 EET" skipped="0">
  <testcase classname="TestCases.HomePageTest" name="verifySelectedItemsInCart" time="59.850"/>
  <system-out/>
  <testcase classname="TestCases.HomePageTest" name="selectPricesLessThan15K" time="54.507"/>
  <system-out/>
  <testcase classname="TestCases.HomePageTest" name="verifyLogin" time="7.148"/>
  <system-out/>
</testsuite> <!-- TestCases.HomePageTest -->
