<?xml version="1.0" encoding="UTF-8"?>
<!-- Generated by org.testng.reporters.JUnitReportReporter -->
<testsuite hostname="LAPTOP-QJFTBOFL" failures="0" tests="1" name="TestCases.LoginTest" time="8.718" errors="0" timestamp="2025-04-13T12:03:16 EET" skipped="0">
  <testcase classname="TestCases.LoginTest" name="loginToWebSite" time="8.718"/>
  <system-out/>
</testsuite> <!-- TestCases.LoginTest -->
